app/build/intermediates/manifest_merge_blame_file/debug/manifest-merger-blame-debug-report.txt
1<?xml version="1.0" encoding="utf-8"?>
2<manifest xmlns:android="http://schemas.android.com/apk/res/android"
3    package="com.example.capstoneproject"
4    android:versionCode="1"
5    android:versionName="1.0" >
6
7    <uses-sdk
8        android:minSdkVersion="16"
8-->src\main\AndroidManifest.xml
9        android:targetSdkVersion="28" />
9-->src\main\AndroidManifest.xml
10
11    <!-- Permissions needed to access the internet and check the network state -->
12    <uses-permission android:name="android.permission.INTERNET" />
12-->src\main\AndroidManifest.xml:7:5-67
12-->src\main\AndroidManifest.xml:7:22-64
13    <uses-permission android:name="android.permission.ACCESS_NETWORK_STATE" />
13-->src\main\AndroidManifest.xml:8:5-79
13-->src\main\AndroidManifest.xml:8:22-76
14    <uses-permission android:name="android.permission.ACCESS_FINE_LOCATION" />
14-->[com.google.android.libraries.places:places:2.1.0] AndroidManifest.xml:9:5-79
14-->[com.google.android.libraries.places:places:2.1.0] AndroidManifest.xml:9:22-76
15    <uses-permission android:name="android.permission.ACCESS_WIFI_STATE" />
15-->[com.google.android.libraries.places:places:2.1.0] AndroidManifest.xml:10:5-76
15-->[com.google.android.libraries.places:places:2.1.0] AndroidManifest.xml:10:22-73
16
17    <uses-feature
17-->[com.google.android.gms:play-services-maps:17.0.0] AndroidManifest.xml:26:5-28:35
18        android:glEsVersion="0x00020000"
18-->[com.google.android.gms:play-services-maps:17.0.0] AndroidManifest.xml:27:9-41
19        android:required="true" />
19-->[com.google.android.gms:play-services-maps:17.0.0] AndroidManifest.xml:28:9-32
20
21    <uses-permission android:name="android.permission.WAKE_LOCK" />
21-->[com.google.android.gms:play-services-measurement-sdk-api:17.1.0] AndroidManifest.xml:25:5-68
21-->[com.google.android.gms:play-services-measurement-sdk-api:17.1.0] AndroidManifest.xml:25:22-65
22
23    <application
23-->src\main\AndroidManifest.xml:10:5-59:19
24        android:name="androidx.multidex.MultiDexApplication"
25        android:allowBackup="true"
25-->src\main\AndroidManifest.xml:11:9-35
26        android:appComponentFactory="androidx.core.app.CoreComponentFactory"
26-->[androidx.core:core:1.1.0] AndroidManifest.xml:24:18-86
27        android:debuggable="true"
28        android:icon="@mipmap/ic_launcher"
28-->src\main\AndroidManifest.xml:12:9-43
29        android:label="@string/app_name"
29-->src\main\AndroidManifest.xml:13:9-41
30        android:roundIcon="@mipmap/ic_launcher_round"
30-->src\main\AndroidManifest.xml:14:9-54
31        android:supportsRtl="true"
31-->src\main\AndroidManifest.xml:15:9-35
32        android:testOnly="true"
33        android:theme="@style/AppTheme"
33-->src\main\AndroidManifest.xml:16:9-40
34        android:usesCleartextTraffic="true" >
34-->src\main\AndroidManifest.xml:17:9-44
35
36        <!-- APP ID for Ads -->
37        <meta-data
37-->src\main\AndroidManifest.xml:22:9-24:47
38            android:name="com.google.android.gms.ads.APPLICATION_ID"
38-->src\main\AndroidManifest.xml:23:13-69
39            android:value="@string/ads_key" />
39-->src\main\AndroidManifest.xml:24:13-44
40
41        <activity
41-->src\main\AndroidManifest.xml:26:9-34:20
42            android:name="com.example.capstoneproject.activities.LocationListActivity"
42-->src\main\AndroidManifest.xml:27:13-60
43            android:launchMode="singleTop" >
43-->src\main\AndroidManifest.xml:28:13-43
44            <intent-filter>
44-->src\main\AndroidManifest.xml:29:13-33:29
45                <action android:name="android.intent.action.MAIN" />
45-->src\main\AndroidManifest.xml:30:17-69
45-->src\main\AndroidManifest.xml:30:25-66
46
47                <category android:name="android.intent.category.LAUNCHER" />
47-->src\main\AndroidManifest.xml:32:17-77
47-->src\main\AndroidManifest.xml:32:27-74
48            </intent-filter>
49        </activity>
50        <activity
50-->src\main\AndroidManifest.xml:35:9-41:20
51            android:name="com.example.capstoneproject.activities.LocationDetailActivity"
51-->src\main\AndroidManifest.xml:36:13-62
52            android:launchMode="singleTask" >
52-->src\main\AndroidManifest.xml:37:13-44
53            <meta-data
53-->src\main\AndroidManifest.xml:38:13-40:68
54                android:name="android.support.PARENT_ACTIVITY"
54-->src\main\AndroidManifest.xml:39:17-63
55                android:value=".activities.LocationListActivity" />
55-->src\main\AndroidManifest.xml:40:17-65
56        </activity>
57
58        <!-- Location Widget ! -->
59        <receiver android:name="com.example.capstoneproject.widget.LocationWidgetProvider" >
59-->src\main\AndroidManifest.xml:44:9-52:20
59-->src\main\AndroidManifest.xml:44:19-64
60            <intent-filter>
60-->src\main\AndroidManifest.xml:45:13-47:29
61                <action android:name="android.appwidget.action.APPWIDGET_UPDATE" />
61-->src\main\AndroidManifest.xml:46:17-84
61-->src\main\AndroidManifest.xml:46:25-81
62            </intent-filter>
63
64            <meta-data
64-->src\main\AndroidManifest.xml:49:13-51:64
65                android:name="android.appwidget.provider"
65-->src\main\AndroidManifest.xml:50:17-58
66                android:resource="@xml/location_widget_info" />
66-->src\main\AndroidManifest.xml:51:17-61
67        </receiver>
68
69        <!-- GetLastLocationService intent service ! -->
70        <service
70-->src\main\AndroidManifest.xml:55:9-57:72
71            android:name="com.example.capstoneproject.widget.GetLastLocationService"
71-->src\main\AndroidManifest.xml:56:13-58
72            android:permission="android.permission.BIND_JOB_SERVICE" />
72-->src\main\AndroidManifest.xml:57:13-69
73
74        <activity
74-->[com.google.android.libraries.places:places:2.1.0] AndroidManifest.xml:14:9-20:20
75            android:name="com.google.android.libraries.places.widget.AutocompleteActivity"
75-->[com.google.android.libraries.places:places:2.1.0] AndroidManifest.xml:15:13-91
76            android:exported="false"
76-->[com.google.android.libraries.places:places:2.1.0] AndroidManifest.xml:16:13-37
77            android:label="@string/places_autocomplete_label"
77-->[com.google.android.libraries.places:places:2.1.0] AndroidManifest.xml:17:13-62
78            android:theme="@style/PlacesAutocompleteOverlay"
78-->[com.google.android.libraries.places:places:2.1.0] AndroidManifest.xml:18:13-61
79            android:windowSoftInputMode="adjustResize" >
79-->[com.google.android.libraries.places:places:2.1.0] AndroidManifest.xml:19:13-55
80        </activity>
81
82        <provider
82-->[com.squareup.picasso:picasso:2.71828] AndroidManifest.xml:8:9-11:40
83            android:name="com.squareup.picasso.PicassoProvider"
83-->[com.squareup.picasso:picasso:2.71828] AndroidManifest.xml:9:13-64
84            android:authorities="com.example.capstoneproject.com.squareup.picasso"
84-->[com.squareup.picasso:picasso:2.71828] AndroidManifest.xml:10:13-72
85            android:exported="false" />
85-->[com.squareup.picasso:picasso:2.71828] AndroidManifest.xml:11:13-37
86
87        <service
87-->[androidx.room:room-runtime:2.2.3] AndroidManifest.xml:25:9-27:40
88            android:name="androidx.room.MultiInstanceInvalidationService"
88-->[androidx.room:room-runtime:2.2.3] AndroidManifest.xml:26:13-74
89            android:exported="false" /> <!-- Needs to be explicitly declared on P+ -->
89-->[androidx.room:room-runtime:2.2.3] AndroidManifest.xml:27:13-37
90        <uses-library
90-->[com.google.android.gms:play-services-maps:17.0.0] AndroidManifest.xml:33:9-35:40
91            android:name="org.apache.http.legacy"
91-->[com.google.android.gms:play-services-maps:17.0.0] AndroidManifest.xml:34:13-50
92            android:required="false" />
92-->[com.google.android.gms:play-services-maps:17.0.0] AndroidManifest.xml:35:13-37
93
94        <activity
94-->[com.google.android.gms:play-services-base:17.0.0] AndroidManifest.xml:23:9-26:75
95            android:name="com.google.android.gms.common.api.GoogleApiActivity"
95-->[com.google.android.gms:play-services-base:17.0.0] AndroidManifest.xml:24:13-79
96            android:exported="false"
96-->[com.google.android.gms:play-services-base:17.0.0] AndroidManifest.xml:25:13-37
97            android:theme="@android:style/Theme.Translucent.NoTitleBar" /> <!-- Include the AdActivity and InAppPurchaseActivity configChanges and themes. -->
97-->[com.google.android.gms:play-services-base:17.0.0] AndroidManifest.xml:26:13-72
98        <activity
98-->[com.google.android.gms:play-services-ads-lite:18.3.0] AndroidManifest.xml:29:9-33:64
99            android:name="com.google.android.gms.ads.AdActivity"
99-->[com.google.android.gms:play-services-ads-lite:18.3.0] AndroidManifest.xml:30:13-65
100            android:configChanges="keyboard|keyboardHidden|orientation|screenLayout|uiMode|screenSize|smallestScreenSize"
100-->[com.google.android.gms:play-services-ads-lite:18.3.0] AndroidManifest.xml:31:13-122
101            android:exported="false"
101-->[com.google.android.gms:play-services-ads-lite:18.3.0] AndroidManifest.xml:32:13-37
102            android:theme="@android:style/Theme.Translucent" />
102-->[com.google.android.gms:play-services-ads-lite:18.3.0] AndroidManifest.xml:33:13-61
103
104        <provider
104-->[com.google.android.gms:play-services-ads-lite:18.3.0] AndroidManifest.xml:35:9-39:39
105            android:name="com.google.android.gms.ads.MobileAdsInitProvider"
105-->[com.google.android.gms:play-services-ads-lite:18.3.0] AndroidManifest.xml:36:13-76
106            android:authorities="com.example.capstoneproject.mobileadsinitprovider"
106-->[com.google.android.gms:play-services-ads-lite:18.3.0] AndroidManifest.xml:37:13-73
107            android:exported="false"
107-->[com.google.android.gms:play-services-ads-lite:18.3.0] AndroidManifest.xml:38:13-37
108            android:initOrder="100" />
108-->[com.google.android.gms:play-services-ads-lite:18.3.0] AndroidManifest.xml:39:13-36
109
110        <meta-data
110-->[com.google.android.gms:play-services-basement:17.0.0] AndroidManifest.xml:23:9-25:69
111            android:name="com.google.android.gms.version"
111-->[com.google.android.gms:play-services-basement:17.0.0] AndroidManifest.xml:24:13-58
112            android:value="@integer/google_play_services_version" />
112-->[com.google.android.gms:play-services-basement:17.0.0] AndroidManifest.xml:25:13-66
113
114        <provider
114-->[androidx.lifecycle:lifecycle-process:2.1.0] AndroidManifest.xml:23:9-27:43
115            android:name="androidx.lifecycle.ProcessLifecycleOwnerInitializer"
115-->[androidx.lifecycle:lifecycle-process:2.1.0] AndroidManifest.xml:24:13-79
116            android:authorities="com.example.capstoneproject.lifecycle-process"
116-->[androidx.lifecycle:lifecycle-process:2.1.0] AndroidManifest.xml:25:13-69
117            android:exported="false"
117-->[androidx.lifecycle:lifecycle-process:2.1.0] AndroidManifest.xml:26:13-37
118            android:multiprocess="true" />
118-->[androidx.lifecycle:lifecycle-process:2.1.0] AndroidManifest.xml:27:13-40
119    </application>
120
121</manifest>